0 info it worked if it ends with ok
1 verbose cli [ '/Users/gojko/.nvm/versions/node/v6.10.1/bin/node',
1 verbose cli   '/Users/gojko/.nvm/versions/node/v6.10.1/bin/npm',
1 verbose cli   'publish' ]
2 info using npm@3.10.10
3 info using node@v6.10.1
4 verbose publish [ '.' ]
5 silly cache add args [ '.', null ]
6 verbose cache add spec .
7 silly cache add parsed spec Result {
7 silly cache add   raw: '.',
7 silly cache add   scope: null,
7 silly cache add   escapedName: null,
7 silly cache add   name: null,
7 silly cache add   rawSpec: '.',
7 silly cache add   spec: '/Users/gojko/work/appraise',
7 silly cache add   type: 'directory' }
8 verbose addLocalDirectory /Users/gojko/.npm/appraise/0.0.6/package.tgz not in flight; packing
9 verbose correctMkdir /Users/gojko/.npm correctMkdir not in flight; initializing
10 info lifecycle appraise@0.0.6~prepublish: appraise@0.0.6
11 silly lifecycle appraise@0.0.6~prepublish: no script for prepublish, continuing
12 verbose tar pack [ '/Users/gojko/.npm/appraise/0.0.6/package.tgz',
12 verbose tar pack   '/Users/gojko/work/appraise' ]
13 verbose tarball /Users/gojko/.npm/appraise/0.0.6/package.tgz
14 verbose folder /Users/gojko/work/appraise
15 verbose addLocalTarball adding from inside cache /Users/gojko/.npm/appraise/0.0.6/package.tgz
16 verbose correctMkdir /Users/gojko/.npm correctMkdir not in flight; initializing
17 silly cache afterAdd appraise@0.0.6
18 verbose afterAdd /Users/gojko/.npm/appraise/0.0.6/package/package.json not in flight; writing
19 verbose correctMkdir /Users/gojko/.npm correctMkdir not in flight; initializing
20 verbose afterAdd /Users/gojko/.npm/appraise/0.0.6/package/package.json written
21 silly publish { name: 'appraise',
21 silly publish   version: '0.0.6',
21 silly publish   description: 'Visual approval testing',
21 silly publish   main: 'index.js',
21 silly publish   scripts:
21 silly publish    { test: 'node spec/support/jasmine-runner.js',
21 silly publish      start: 'node ./bin/cmd.js' },
21 silly publish   files: [ 'src', 'templates', 'logo.png', '*.md', '*.js', 'bin', 'docs' ],
21 silly publish   bin: { appraise: './bin/cmd.js' },
21 silly publish   repository:
21 silly publish    { type: 'git',
21 silly publish      url: 'git+https://github.com/gojko/appraise.git' },
21 silly publish   author: { name: 'Gojko Adzic', email: 'gojko@neuri.co.uk' },
21 silly publish   license: 'MIT',
21 silly publish   bugs: { url: 'https://github.com/gojko/appraise/issues' },
21 silly publish   homepage: 'https://github.com/gojko/appraise#readme',
21 silly publish   dependencies:
21 silly publish    { cheerio: '^1.0.0-rc.2',
21 silly publish      'chrome-launcher': '^0.3.1',
21 silly publish      'chrome-remote-interface': '^0.24.2',
21 silly publish      handlebars: '^4.0.10',
21 silly publish      'js-yaml': '^3.9.0',
21 silly publish      'markdown-it': '^8.3.1',
21 silly publish      pixelmatch: '^4.0.2',
21 silly publish      pngjs: '^3.2.0',
21 silly publish      'sanitize-filename': '^1.6.1',
21 silly publish      'sequential-promise-map': '^1.0.2',
21 silly publish      shelljs: '^0.5.3',
21 silly publish      uuid: '^3.1.0' },
21 silly publish   devDependencies:
21 silly publish    { eslint: '^4.2.0',
21 silly publish      'eslint-config-crockford': '^1.0.0',
21 silly publish      'eslint-config-defaults': '^9.0.0',
21 silly publish      jasmine: '^2.6.0',
21 silly publish      'jasmine-spec-reporter': '^4.1.1' },
21 silly publish   readme: '# Appraise -- Visual approval testing\n\n![](templates/assets/logo.png)\n\nThis is a (research) project aimed at prototyping a tool for visual approval testing. The goals of the project are to build a tool that helps delivery teams with the following tasks:\n\n- Review and approve changes to web pages, visual layouts and browser components quickly through visual inspection \n- Start Spec by Example/BDD from a hand-drawn sketch or a wireframe,  easily compare actual outcomes, then just approve the final result to make a regression test\n- Automate acceptance/regression tests for visual look and feel in a visual language, rather than xUnit style code\n- Speed up visual exploratory testing by making it easier to rebuild visual components from example data/configuration\n- Publish easily maintainable/verifiable developer docs with visual examples to Github easily (markdown) or as a static site (html)\n- Run visual tests quickly/in parallel using AWS Lambda\n\n## Status\n\ntoo early to use (pre-alpha)\n\n\n### Tasks\n\n- [x] Choose a markdown rendering system (https://github.com/markdown-it)\n- [x] Choose a Node DOM manipulation system (https://github.com/cheeriojs/cheerio)\n- [x] Build local screenshots (using Chrome Headless and https://github.com/cyrus-and/chrome-remote-interface)\n- [x] Choose an image comparison system (https://github.com/mapbox/pixelmatch)\n- [x] generate a combined image if dimensions do not match, showing both images with alpha\n- [x] Add a generic layout to HTML when converting from MD \n- [x] Add a generic template for result files\n- [x] Create an index with all test results\n- [ ] Approve changes from the command line\n  - [x] Approve an example with expected outcome and failed outcome\n  - [x] Approve examples without expected outcomes (append image to source .md)\n  - [ ] Approve a whole page\n  - [ ] Approve all\n- [x] Clean up templates and provide a nice layout\n- [ ] Make it easier to inspect/approve\n  - [x] CLI Approval instructions on the results page\n  - [ ] CLI Approval instructions on the rendered page (for all examples)\n  - [x] Overview/Overlay/Inspect on the results page\n    - [x] set view/opacity/zoom for actual/expected/diff separately\n- [x] Run examples without expected outcomes (fail + show actual)\n- [ ] Distinguish between a failure and error\n- [ ] Fixture execution\n  - [x] inside node\n    - [x] detect and parse example format (eg json or yaml)\n  - [ ] URL fixture execution (eg test the same site in various resolutions)\n  - [ ] in-browser fixture execution\n    - [ ] custom event to signal finished rendering\n    - [ ] webpack fixture packaging\n    - [ ] inject css/js\n    - [ ] AWS Lambda fixture engine\n- [ ] Extract configuration/enable overrides\n  - [x] Configurable source and work directories (don\'t just dump stuff to temp)\n  - [ ] Configurable clip area for screenshots\n  - [ ] Configurable initial size for html windows\n  - [ ] Configurable image matching precision and anti-aliasing\n  - [x] Configurable HTML attributes (`data-example`)\n  - [ ] Configurable HTML classes for success/failure\n- [ ] Server for interactive work\n  - [ ] render example folder structure + README.md for folders\n  - [ ] render markdown from the examples folder \n  - [ ] offer running the spec if the MD contains any examples\n  - [ ] approving changes\n  - [ ] Running tests by directly reading specs from github (eg public site, connect to a gitub repo)\n  - [ ] Approving by directly committing to github? (eg for specs stored in github repos)\n- [ ] AWS Lambda screenshots \n- [ ] CI reporters (junit, tap)\n- [ ] CLI/NPM tasks\n  - [x] executing tests\n  - [x] approving changes\n  - [ ] filtering tests for approvals\n  - [ ] filtering tests for execution\n\n## Before alpha\n\n- [ ] test with multiple examples in a single file\n- [ ] test with multiple files\n- [ ] test with files in subfolders\n- [ ] test with large images\n- [ ] test with complex page and example names\n- [ ] test with exceptions thrown throughout the test process\n\n### Known problems\n\n- [ ] breadcrumbs on rendered page -> links\n- [ ] navigation on results page (breadcrumbs and page links)\n- [ ] Retina screen sizing\n- [ ] Solve cross-linking (eg replace .md in local links to .html when generating html)\n- [ ] detect examples with the same name on a page\n  \n### Performance issues\n\n- [x] Start/stop chrome once per run, not once per page\n- [ ] change sync FS operations to async\n\n',
21 silly publish   readmeFilename: 'README.md',
21 silly publish   gitHead: 'e92999636fce1350d27de7c1e87c8ef0fca7e73e',
21 silly publish   _id: 'appraise@0.0.6',
21 silly publish   _shasum: '459b4a34c860c02b4a132c48aded5b63015c12e3',
21 silly publish   _from: '.' }
22 verbose getPublishConfig undefined
23 silly mapToRegistry name appraise
24 silly mapToRegistry using default registry
25 silly mapToRegistry registry https://registry.npmjs.org/
26 silly mapToRegistry data Result {
26 silly mapToRegistry   raw: 'appraise',
26 silly mapToRegistry   scope: null,
26 silly mapToRegistry   escapedName: 'appraise',
26 silly mapToRegistry   name: 'appraise',
26 silly mapToRegistry   rawSpec: '',
26 silly mapToRegistry   spec: 'latest',
26 silly mapToRegistry   type: 'tag' }
27 silly mapToRegistry uri https://registry.npmjs.org/appraise
28 verbose publish registryBase https://registry.npmjs.org/
29 silly publish uploading /Users/gojko/.npm/appraise/0.0.6/package.tgz
30 verbose request uri https://registry.npmjs.org/appraise
31 verbose request sending authorization for write operation
32 info attempt registry request try #1 at 9:19:08 PM
33 verbose request using bearer token for auth
34 verbose request id 8f67c090b69b608c
35 http request PUT https://registry.npmjs.org/appraise
36 http 403 https://registry.npmjs.org/appraise
37 verbose headers { 'content-type': 'application/json',
37 verbose headers   'cache-control': 'max-age=300',
37 verbose headers   'content-length': '95',
37 verbose headers   'accept-ranges': 'bytes',
37 verbose headers   date: 'Mon, 24 Jul 2017 19:19:10 GMT',
37 verbose headers   via: '1.1 varnish',
37 verbose headers   connection: 'keep-alive',
37 verbose headers   'x-served-by': 'cache-hhn1541-HHN',
37 verbose headers   'x-cache': 'MISS',
37 verbose headers   'x-cache-hits': '0',
37 verbose headers   'x-timer': 'S1500923949.187704,VS0,VE1559',
37 verbose headers   vary: 'Accept-Encoding, Accept' }
38 verbose request invalidating /Users/gojko/.npm/registry.npmjs.org/appraise on PUT
39 error publish Failed PUT 403
40 verbose stack Error: "You cannot publish over the previously published version 0.0.6." : appraise
40 verbose stack     at makeError (/Users/gojko/.nvm/versions/node/v6.10.1/lib/node_modules/npm/node_modules/npm-registry-client/lib/request.js:302:12)
40 verbose stack     at CachingRegistryClient.<anonymous> (/Users/gojko/.nvm/versions/node/v6.10.1/lib/node_modules/npm/node_modules/npm-registry-client/lib/request.js:290:14)
40 verbose stack     at Request._callback (/Users/gojko/.nvm/versions/node/v6.10.1/lib/node_modules/npm/node_modules/npm-registry-client/lib/request.js:210:14)
40 verbose stack     at Request.self.callback (/Users/gojko/.nvm/versions/node/v6.10.1/lib/node_modules/npm/node_modules/request/request.js:187:22)
40 verbose stack     at emitTwo (events.js:106:13)
40 verbose stack     at Request.emit (events.js:191:7)
40 verbose stack     at Request.<anonymous> (/Users/gojko/.nvm/versions/node/v6.10.1/lib/node_modules/npm/node_modules/request/request.js:1048:10)
40 verbose stack     at emitOne (events.js:96:13)
40 verbose stack     at Request.emit (events.js:188:7)
40 verbose stack     at IncomingMessage.<anonymous> (/Users/gojko/.nvm/versions/node/v6.10.1/lib/node_modules/npm/node_modules/request/request.js:969:12)
41 verbose statusCode 403
42 verbose pkgid appraise
43 verbose cwd /Users/gojko/work/appraise
44 error Darwin 16.7.0
45 error argv "/Users/gojko/.nvm/versions/node/v6.10.1/bin/node" "/Users/gojko/.nvm/versions/node/v6.10.1/bin/npm" "publish"
46 error node v6.10.1
47 error npm  v3.10.10
48 error code E403
49 error "You cannot publish over the previously published version 0.0.6." : appraise
50 error If you need help, you may report this error at:
50 error     <https://github.com/npm/npm/issues>
51 verbose exit [ 1, true ]
